# JRE version: OpenJDK Runtime Environment (8.0_152-b01) (build 1.8.0_152-release-915-b01)
# Java VM: OpenJDK 64-Bit Server VM (25.152-b01 mixed mode windows-amd64 compressed oops)
Heap:
 PSYoungGen      total 188416K, used 28277K [0x00000000e0000000, 0x00000000eed00000, 0x0000000100000000)
  eden space 142848K, 0% used [0x00000000e0000000,0x00000000e0000000,0x00000000e8b80000)
  from space 45568K, 62% used [0x00000000eb800000,0x00000000ed39d538,0x00000000ee480000)
  to   space 45568K, 0% used [0x00000000e8b80000,0x00000000e8b80000,0x00000000eb800000)
 ParOldGen       total 103424K, used 94847K [0x00000000a0000000, 0x00000000a6500000, 0x00000000e0000000)
  object space 103424K, 91% used [0x00000000a0000000,0x00000000a5c9fd90,0x00000000a6500000)
 Metaspace       used 85161K, capacity 91061K, committed 91224K, reserved 1128448K
  class space    used 10724K, capacity 12126K, committed 12160K, reserved 1048576K
GC Heap History (10 events):
Event: 16248.268 GC heap after
Heap after GC invocations=43 (full 3):
 PSYoungGen      total 143872K, used 22579K [0x00000000e0000000, 0x00000000eac80000, 0x0000000100000000)
  eden space 114688K, 0% used [0x00000000e0000000,0x00000000e0000000,0x00000000e7000000)
  from space 29184K, 77% used [0x00000000e8e00000,0x00000000ea40cf80,0x00000000eaa80000)
  to   space 30720K, 0% used [0x00000000e7000000,0x00000000e7000000,0x00000000e8e00000)
 ParOldGen       total 103424K, used 79235K [0x00000000a0000000, 0x00000000a6500000, 0x00000000e0000000)
  object space 103424K, 76% used [0x00000000a0000000,0x00000000a4d60c28,0x00000000a6500000)
 Metaspace       used 82777K, capacity 88393K, committed 88536K, reserved 1126400K
  class space    used 10402K, capacity 11746K, committed 11776K, reserved 1048576K
}
Event: 16249.828 GC heap before
{Heap before GC invocations=44 (full 3):
 PSYoungGen      total 143872K, used 137267K [0x00000000e0000000, 0x00000000eac80000, 0x0000000100000000)
  eden space 114688K, 100% used [0x00000000e0000000,0x00000000e7000000,0x00000000e7000000)
  from space 29184K, 77% used [0x00000000e8e00000,0x00000000ea40cf80,0x00000000eaa80000)
  to   space 30720K, 0% used [0x00000000e7000000,0x00000000e7000000,0x00000000e8e00000)
 ParOldGen       total 103424K, used 79235K [0x00000000a0000000, 0x00000000a6500000, 0x00000000e0000000)
  object space 103424K, 76% used [0x00000000a0000000,0x00000000a4d60c28,0x00000000a6500000)
 Metaspace       used 83556K, capacity 89137K, committed 89432K, reserved 1126400K
  class space    used 10487K, capacity 11846K, committed 11904K, reserved 1048576K
Event: 16249.980 GC heap after
Heap after GC invocations=44 (full 3):
 PSYoungGen      total 145408K, used 30709K [0x00000000e0000000, 0x00000000ecb80000, 0x0000000100000000)
  eden space 114688K, 0% used [0x00000000e0000000,0x00000000e0000000,0x00000000e7000000)
  from space 30720K, 99% used [0x00000000e7000000,0x00000000e8dfd488,0x00000000e8e00000)
  to   space 38912K, 0% used [0x00000000ea580000,0x00000000ea580000,0x00000000ecb80000)
 ParOldGen       total 103424K, used 91394K [0x00000000a0000000, 0x00000000a6500000, 0x00000000e0000000)
  object space 103424K, 88% used [0x00000000a0000000,0x00000000a5940848,0x00000000a6500000)
 Metaspace       used 83556K, capacity 89137K, committed 89432K, reserved 1126400K
  class space    used 10487K, capacity 11846K, committed 11904K, reserved 1048576K
}
Event: 16252.634 GC heap before
{Heap before GC invocations=45 (full 3):
 PSYoungGen      total 145408K, used 145397K [0x00000000e0000000, 0x00000000ecb80000, 0x0000000100000000)
  eden space 114688K, 100% used [0x00000000e0000000,0x00000000e7000000,0x00000000e7000000)
  from space 30720K, 99% used [0x00000000e7000000,0x00000000e8dfd488,0x00000000e8e00000)
  to   space 38912K, 0% used [0x00000000ea580000,0x00000000ea580000,0x00000000ecb80000)
 ParOldGen       total 103424K, used 91394K [0x00000000a0000000, 0x00000000a6500000, 0x00000000e0000000)
  object space 103424K, 88% used [0x00000000a0000000,0x00000000a5940848,0x00000000a6500000)
 Metaspace       used 84167K, capacity 89871K, committed 90072K, reserved 1128448K
  class space    used 10566K, capacity 11921K, committed 12032K, reserved 1048576K
Event: 16252.707 GC heap after
Heap after GC invocations=45 (full 3):
 PSYoungGen      total 165376K, used 35566K [0x00000000e0000000, 0x00000000ed380000, 0x0000000100000000)
  eden space 126464K, 0% used [0x00000000e0000000,0x00000000e0000000,0x00000000e7b80000)
  from space 38912K, 91% used [0x00000000ea580000,0x00000000ec83b9c8,0x00000000ecb80000)
  to   space 43008K, 0% used [0x00000000e7b80000,0x00000000e7b80000,0x00000000ea580000)
 ParOldGen       total 103424K, used 91848K [0x00000000a0000000, 0x00000000a6500000, 0x00000000e0000000)
  object space 103424K, 88% used [0x00000000a0000000,0x00000000a59b2250,0x00000000a6500000)
 Metaspace       used 84167K, capacity 89871K, committed 90072K, reserved 1128448K
  class space    used 10566K, capacity 11921K, committed 12032K, reserved 1048576K
}
Event: 16259.118 GC heap before
{Heap before GC invocations=46 (full 3):
 PSYoungGen      total 165376K, used 161307K [0x00000000e0000000, 0x00000000ed380000, 0x0000000100000000)
  eden space 126464K, 99% used [0x00000000e0000000,0x00000000e7acb498,0x00000000e7b80000)
  from space 38912K, 91% used [0x00000000ea580000,0x00000000ec83b9c8,0x00000000ecb80000)
  to   space 43008K, 0% used [0x00000000e7b80000,0x00000000e7b80000,0x00000000ea580000)
 ParOldGen       total 103424K, used 91848K [0x00000000a0000000, 0x00000000a6500000, 0x00000000e0000000)
  object space 103424K, 88% used [0x00000000a0000000,0x00000000a59b2250,0x00000000a6500000)
 Metaspace       used 85156K, capacity 91061K, committed 91224K, reserved 1128448K
  class space    used 10724K, capacity 12126K, committed 12160K, reserved 1048576K
Event: 16259.188 GC heap after
Heap after GC invocations=46 (full 3):
 PSYoungGen      total 169472K, used 33479K [0x00000000e0000000, 0x00000000ee480000, 0x0000000100000000)
  eden space 126464K, 0% used [0x00000000e0000000,0x00000000e0000000,0x00000000e7b80000)
  from space 43008K, 77% used [0x00000000e7b80000,0x00000000e9c31d40,0x00000000ea580000)
  to   space 45568K, 0% used [0x00000000eb800000,0x00000000eb800000,0x00000000ee480000)
 ParOldGen       total 103424K, used 93867K [0x00000000a0000000, 0x00000000a6500000, 0x00000000e0000000)
  object space 103424K, 90% used [0x00000000a0000000,0x00000000a5baafc0,0x00000000a6500000)
 Metaspace       used 85156K, capacity 91061K, committed 91224K, reserved 1128448K
  class space    used 10724K, capacity 12126K, committed 12160K, reserved 1048576K
}
Event: 16259.239 GC heap before
{Heap before GC invocations=47 (full 3):
 PSYoungGen      total 169472K, used 159202K [0x00000000e0000000, 0x00000000ee480000, 0x0000000100000000)
  eden space 126464K, 99% used [0x00000000e0000000,0x00000000e7ac6e88,0x00000000e7b80000)
  from space 43008K, 77% used [0x00000000e7b80000,0x00000000e9c31d40,0x00000000ea580000)
  to   space 45568K, 0% used [0x00000000eb800000,0x00000000eb800000,0x00000000ee480000)
 ParOldGen       total 103424K, used 93867K [0x00000000a0000000, 0x00000000a6500000, 0x00000000e0000000)
  object space 103424K, 90% used [0x00000000a0000000,0x00000000a5baafc0,0x00000000a6500000)
 Metaspace       used 85161K, capacity 91061K, committed 91224K, reserved 1128448K
  class space    used 10724K, capacity 12126K, committed 12160K, reserved 1048576K
Event: 16259.290 GC heap after
Heap after GC invocations=47 (full 3):
 PSYoungGen      total 188416K, used 28277K [0x00000000e0000000, 0x00000000eed00000, 0x0000000100000000)
  eden space 142848K, 0% used [0x00000000e0000000,0x00000000e0000000,0x00000000e8b80000)
  from space 45568K, 62% used [0x00000000eb800000,0x00000000ed39d538,0x00000000ee480000)
  to   space 45568K, 0% used [0x00000000e8b80000,0x00000000e8b80000,0x00000000eb800000)
 ParOldGen       total 103424K, used 94847K [0x00000000a0000000, 0x00000000a6500000, 0x00000000e0000000)
  object space 103424K, 91% used [0x00000000a0000000,0x00000000a5c9fd90,0x00000000a6500000)
 Metaspace       used 85161K, capacity 91061K, committed 91224K, reserved 1128448K
  class space    used 10724K, capacity 12126K, committed 12160K, reserved 1048576K
}
Event: 16259.309 GC heap before
{Heap before GC invocations=48 (full 4):
 PSYoungGen      total 188416K, used 28277K [0x00000000e0000000, 0x00000000eed00000, 0x0000000100000000)
  eden space 142848K, 0% used [0x00000000e0000000,0x00000000e0000000,0x00000000e8b80000)
  from space 45568K, 62% used [0x00000000eb800000,0x00000000ed39d538,0x00000000ee480000)
  to   space 45568K, 0% used [0x00000000e8b80000,0x00000000e8b80000,0x00000000eb800000)
 ParOldGen       total 103424K, used 94847K [0x00000000a0000000, 0x00000000a6500000, 0x00000000e0000000)
  object space 103424K, 91% used [0x00000000a0000000,0x00000000a5c9fd90,0x00000000a6500000)
 Metaspace       used 85161K, capacity 91061K, committed 91224K, reserved 1128448K
  class space    used 10724K, capacity 12126K, committed 12160K, reserved 1048576K

